[01:57:36] [ServerMain/INFO]: [bootstrap] Running Java 21 (OpenJDK 64-Bit Server VM 21.0.5+11-LTS; Microsoft Microsoft-10376803) on Linux 6.5.0-1025-azure (amd64)
[01:57:36] [ServerMain/INFO]: [bootstrap] Loading Paper 1.21.3-82-ver/1.21.3@5a60ffb (2024-12-23T19:10:30Z) for Minecraft 1.21.3
[01:57:36] [ServerMain/INFO]: [PluginInitializerManager] Initializing plugins...
[01:57:37] [ServerMain/INFO]: [PluginInitializerManager] Initialized 3 plugins
[01:57:37] [ServerMain/INFO]: [PluginInitializerManager] Bukkit plugins (3):
 - ViaBackwards (5.2.0), ViaRewind (4.0.4), ViaVersion (5.2.0)
[01:57:44] [ServerMain/INFO]: Environment: Environment[sessionHost=https://sessionserver.mojang.com, servicesHost=https://api.minecraftservices.com, name=PROD]
[01:57:44] [ServerMain/INFO]: Found new data pack file/bukkit, loading it automatically
[01:57:44] [ServerMain/INFO]: Found new data pack paper, loading it automatically
[01:57:46] [ServerMain/INFO]: No existing world data, creating new world
[01:57:46] [ServerMain/WARN]: Failed to parse level-type default, defaulting to minecraft:normal
[01:57:48] [ServerMain/INFO]: Loaded 1337 recipes
[01:57:48] [ServerMain/INFO]: Loaded 1448 advancements
[01:57:48] [Server thread/INFO]: Starting minecraft server version 1.21.3
[01:57:48] [Server thread/INFO]: Loading properties
[01:57:48] [Server thread/INFO]: This server is running Paper version 1.21.3-82-ver/1.21.3@5a60ffb (2024-12-23T19:10:30Z) (Implementing API version 1.21.3-R0.1-SNAPSHOT)
[01:57:49] [Server thread/INFO]: [spark] This server bundles the spark profiler. For more information please visit https://docs.papermc.io/paper/profiling
[01:57:49] [Server thread/INFO]: Server Ping Player Sample Count: 12
[01:57:49] [Server thread/INFO]: Using 4 threads for Netty based IO
[01:57:50] [Server thread/INFO]: [MoonriseCommon] Paper is using 1 worker threads, 1 I/O threads
[01:57:50] [Server thread/INFO]: [ChunkTaskScheduler] Chunk system is using population gen parallelism: true
[01:57:51] [Server thread/INFO]: Default game type: SURVIVAL
[01:57:51] [Server thread/INFO]: Generating keypair
[01:57:51] [Server thread/INFO]: Starting Minecraft server on localhost:25565
[01:57:51] [Server thread/INFO]: Using default channel type
[01:57:51] [Server thread/INFO]: Paper: Using libdeflate (Linux x86_64) compression from Velocity.
[01:57:51] [Server thread/INFO]: Paper: Using OpenSSL 1.1.x (Linux x86_64) cipher from Velocity.
[01:57:52] [Server thread/INFO]: [ViaVersion] Loading server plugin ViaVersion v5.2.0
[01:57:52] [Server thread/INFO]: [ViaVersion] ViaVersion 5.2.0 is now loaded. Registering protocol transformers and injecting...
[01:57:52] [Via-Mappingloader-0/INFO]: [ViaVersion] Loading block connection mappings ...
[01:57:53] [Via-Mappingloader-0/INFO]: [ViaVersion] Using FastUtil Long2ObjectOpenHashMap for block connections
[01:57:53] [Server thread/INFO]: [ViaBackwards] Loading translations...
[01:57:53] [Server thread/INFO]: [ViaBackwards] Registering protocols...
[01:57:54] [Server thread/INFO]: [ViaRewind] Registering protocols...
[01:57:54] [Server thread/INFO]: [ViaBackwards] Loading server plugin ViaBackwards v5.2.0
[01:57:54] [Server thread/INFO]: [ViaRewind] Loading server plugin ViaRewind v4.0.4
[01:57:54] [Server thread/INFO]: Server permissions file permissions.yml is empty, ignoring it
[01:57:54] [Server thread/INFO]: [ViaRewind] Enabling ViaRewind v4.0.4
[01:57:54] [Server thread/WARN]: **** SERVER IS RUNNING IN OFFLINE/INSECURE MODE!
[01:57:54] [Server thread/WARN]: The server will make no attempt to authenticate usernames. Beware.
[01:57:54] [Server thread/WARN]: Whilst this makes it possible to use BungeeCord, unless access to your server is properly restricted, it also opens up the ability for hackers to connect with any username they choose.
[01:57:54] [Server thread/WARN]: Please see http://www.spigotmc.org/wiki/firewall-guide/ for further information.
[01:57:54] [Server thread/WARN]: To change this, set "online-mode" to "true" in the server.properties file.
[01:57:54] [Server thread/INFO]: Preparing level "world"
[01:57:54] [Server thread/WARN]: Failed to parse level-type default, defaulting to minecraft:normal
[01:57:54] [Server thread/INFO]: -------- World Settings For [world] --------
[01:57:54] [Server thread/INFO]: View Distance: 4
[01:57:54] [Server thread/INFO]: Simulation Distance: 10
[01:57:54] [Server thread/INFO]: Item Merge Radius: 2.5
[01:57:54] [Server thread/INFO]: Experience Merge Radius: 3.0
[01:57:54] [Server thread/INFO]: Mob Spawn Range: 4
[01:57:54] [Server thread/INFO]: Item Despawn Rate: 6000
[01:57:54] [Server thread/INFO]: Arrow Despawn Rate: 1200 Trident Respawn Rate:1200
[01:57:54] [Server thread/INFO]: Zombie Aggressive Towards Villager: true
[01:57:54] [Server thread/INFO]: Nerfing mobs spawned from spawners: false
[01:57:54] [Server thread/INFO]: Allow Zombie Pigmen to spawn from portal blocks: true
[01:57:54] [Server thread/INFO]: Cactus Growth Modifier: 100%
[01:57:54] [Server thread/INFO]: Cane Growth Modifier: 100%
[01:57:54] [Server thread/INFO]: Melon Growth Modifier: 100%
[01:57:54] [Server thread/INFO]: Mushroom Growth Modifier: 100%
[01:57:54] [Server thread/INFO]: Pumpkin Growth Modifier: 100%
[01:57:54] [Server thread/INFO]: Sapling Growth Modifier: 100%
[01:57:54] [Server thread/INFO]: Beetroot Growth Modifier: 100%
[01:57:54] [Server thread/INFO]: Carrot Growth Modifier: 100%
[01:57:54] [Server thread/INFO]: Potato Growth Modifier: 100%
[01:57:54] [Server thread/INFO]: TorchFlower Growth Modifier: 100%
[01:57:54] [Server thread/INFO]: Wheat Growth Modifier: 100%
[01:57:54] [Server thread/INFO]: NetherWart Growth Modifier: 100%
[01:57:54] [Server thread/INFO]: Vine Growth Modifier: 100%
[01:57:54] [Server thread/INFO]: Cocoa Growth Modifier: 100%
[01:57:54] [Server thread/INFO]: Bamboo Growth Modifier: 100%
[01:57:54] [Server thread/INFO]: SweetBerry Growth Modifier: 100%
[01:57:54] [Server thread/INFO]: Kelp Growth Modifier: 100%
[01:57:54] [Server thread/INFO]: TwistingVines Growth Modifier: 100%
[01:57:54] [Server thread/INFO]: WeepingVines Growth Modifier: 100%
[01:57:54] [Server thread/INFO]: CaveVines Growth Modifier: 100%
[01:57:54] [Server thread/INFO]: GlowBerry Growth Modifier: 100%
[01:57:54] [Server thread/INFO]: PitcherPlant Growth Modifier: 100%
[01:57:54] [Server thread/INFO]: Entity Activation Range: An 32 / Mo 32 / Ra 64 / Mi 16 / Tiv true / Isa false
[01:57:54] [Server thread/INFO]: Entity Tracking Range: Pl 48 / An 48 / Mo 48 / Mi 32 / Di 128 / Other 64
[01:57:54] [Server thread/INFO]: Hopper Transfer: 8 Hopper Check: 1 Hopper Amount: 1 Hopper Can Load Chunks: false
[01:57:54] [Server thread/INFO]: Custom Map Seeds:  Village: 10387312 Desert: 14357617 Igloo: 14357618 Jungle: 14357619 Swamp: 14357620 Monument: 10387313 Ocean: 14357621 Shipwreck: 165745295 End City: 10387313 Slime: 987234911 Nether: 30084232 Mansion: 10387319 Fossil: 14357921 Portal: 34222645
[01:57:54] [Server thread/INFO]: Max TNT Explosions: 100
[01:57:54] [Server thread/INFO]: Tile Max Tick Time: 50ms Entity max Tick Time: 50ms
[01:58:04] [Paper Common Worker #0/INFO]: [MCTypeRegistry] Initialising converters for DataConverter...
[01:58:05] [Paper Common Worker #0/INFO]: [MCTypeRegistry] Finished initialising converters for DataConverter in 514.6ms
[01:58:09] [Server thread/WARN]: Failed to parse level-type default, defaulting to minecraft:normal
[01:58:09] [Server thread/INFO]: -------- World Settings For [world_nether] --------
[01:58:09] [Server thread/INFO]: View Distance: 4
[01:58:09] [Server thread/INFO]: Simulation Distance: 10
[01:58:09] [Server thread/INFO]: Item Merge Radius: 2.5
[01:58:09] [Server thread/INFO]: Experience Merge Radius: 3.0
[01:58:09] [Server thread/INFO]: Mob Spawn Range: 4
[01:58:09] [Server thread/INFO]: Item Despawn Rate: 6000
[01:58:09] [Server thread/INFO]: Arrow Despawn Rate: 1200 Trident Respawn Rate:1200
[01:58:09] [Server thread/INFO]: Zombie Aggressive Towards Villager: true
[01:58:09] [Server thread/INFO]: Nerfing mobs spawned from spawners: false
[01:58:09] [Server thread/INFO]: Allow Zombie Pigmen to spawn from portal blocks: true
[01:58:09] [Server thread/INFO]: Cactus Growth Modifier: 100%
[01:58:09] [Server thread/INFO]: Cane Growth Modifier: 100%
[01:58:09] [Server thread/INFO]: Melon Growth Modifier: 100%
[01:58:09] [Server thread/INFO]: Mushroom Growth Modifier: 100%
[01:58:09] [Server thread/INFO]: Pumpkin Growth Modifier: 100%
[01:58:09] [Server thread/INFO]: Sapling Growth Modifier: 100%
[01:58:09] [Server thread/INFO]: Beetroot Growth Modifier: 100%
[01:58:09] [Server thread/INFO]: Carrot Growth Modifier: 100%
[01:58:09] [Server thread/INFO]: Potato Growth Modifier: 100%
[01:58:09] [Server thread/INFO]: TorchFlower Growth Modifier: 100%
[01:58:09] [Server thread/INFO]: Wheat Growth Modifier: 100%
[01:58:09] [Server thread/INFO]: NetherWart Growth Modifier: 100%
[01:58:09] [Server thread/INFO]: Vine Growth Modifier: 100%
[01:58:09] [Server thread/INFO]: Cocoa Growth Modifier: 100%
[01:58:09] [Server thread/INFO]: Bamboo Growth Modifier: 100%
[01:58:09] [Server thread/INFO]: SweetBerry Growth Modifier: 100%
[01:58:09] [Server thread/INFO]: Kelp Growth Modifier: 100%
[01:58:09] [Server thread/INFO]: TwistingVines Growth Modifier: 100%
[01:58:09] [Server thread/INFO]: WeepingVines Growth Modifier: 100%
[01:58:09] [Server thread/INFO]: CaveVines Growth Modifier: 100%
[01:58:09] [Server thread/INFO]: GlowBerry Growth Modifier: 100%
[01:58:09] [Server thread/INFO]: PitcherPlant Growth Modifier: 100%
[01:58:09] [Server thread/INFO]: Entity Activation Range: An 32 / Mo 32 / Ra 64 / Mi 16 / Tiv true / Isa false
[01:58:09] [Server thread/INFO]: Entity Tracking Range: Pl 48 / An 48 / Mo 48 / Mi 32 / Di 128 / Other 64
[01:58:09] [Server thread/INFO]: Hopper Transfer: 8 Hopper Check: 1 Hopper Amount: 1 Hopper Can Load Chunks: false
[01:58:09] [Server thread/INFO]: Custom Map Seeds:  Village: 10387312 Desert: 14357617 Igloo: 14357618 Jungle: 14357619 Swamp: 14357620 Monument: 10387313 Ocean: 14357621 Shipwreck: 165745295 End City: 10387313 Slime: 987234911 Nether: 30084232 Mansion: 10387319 Fossil: 14357921 Portal: 34222645
[01:58:09] [Server thread/INFO]: Max TNT Explosions: 100
[01:58:09] [Server thread/INFO]: Tile Max Tick Time: 50ms Entity max Tick Time: 50ms
[01:58:11] [Server thread/WARN]: Failed to parse level-type default, defaulting to minecraft:normal
[01:58:11] [Server thread/INFO]: -------- World Settings For [world_the_end] --------
[01:58:11] [Server thread/INFO]: View Distance: 4
[01:58:11] [Server thread/INFO]: Simulation Distance: 10
[01:58:11] [Server thread/INFO]: Item Merge Radius: 2.5
[01:58:11] [Server thread/INFO]: Experience Merge Radius: 3.0
[01:58:11] [Server thread/INFO]: Mob Spawn Range: 4
[01:58:11] [Server thread/INFO]: Item Despawn Rate: 6000
[01:58:11] [Server thread/INFO]: Arrow Despawn Rate: 1200 Trident Respawn Rate:1200
[01:58:11] [Server thread/INFO]: Zombie Aggressive Towards Villager: true
[01:58:11] [Server thread/INFO]: Nerfing mobs spawned from spawners: false
[01:58:11] [Server thread/INFO]: Allow Zombie Pigmen to spawn from portal blocks: true
[01:58:11] [Server thread/INFO]: Cactus Growth Modifier: 100%
[01:58:11] [Server thread/INFO]: Cane Growth Modifier: 100%
[01:58:11] [Server thread/INFO]: Melon Growth Modifier: 100%
[01:58:11] [Server thread/INFO]: Mushroom Growth Modifier: 100%
[01:58:11] [Server thread/INFO]: Pumpkin Growth Modifier: 100%
[01:58:11] [Server thread/INFO]: Sapling Growth Modifier: 100%
[01:58:11] [Server thread/INFO]: Beetroot Growth Modifier: 100%
[01:58:11] [Server thread/INFO]: Carrot Growth Modifier: 100%
[01:58:11] [Server thread/INFO]: Potato Growth Modifier: 100%
[01:58:11] [Server thread/INFO]: TorchFlower Growth Modifier: 100%
[01:58:11] [Server thread/INFO]: Wheat Growth Modifier: 100%
[01:58:11] [Server thread/INFO]: NetherWart Growth Modifier: 100%
[01:58:11] [Server thread/INFO]: Vine Growth Modifier: 100%
[01:58:11] [Server thread/INFO]: Cocoa Growth Modifier: 100%
[01:58:11] [Server thread/INFO]: Bamboo Growth Modifier: 100%
[01:58:11] [Server thread/INFO]: SweetBerry Growth Modifier: 100%
[01:58:11] [Server thread/INFO]: Kelp Growth Modifier: 100%
[01:58:11] [Server thread/INFO]: TwistingVines Growth Modifier: 100%
[01:58:11] [Server thread/INFO]: WeepingVines Growth Modifier: 100%
[01:58:11] [Server thread/INFO]: CaveVines Growth Modifier: 100%
[01:58:11] [Server thread/INFO]: GlowBerry Growth Modifier: 100%
[01:58:11] [Server thread/INFO]: PitcherPlant Growth Modifier: 100%
[01:58:11] [Server thread/INFO]: Entity Activation Range: An 32 / Mo 32 / Ra 64 / Mi 16 / Tiv true / Isa false
[01:58:11] [Server thread/INFO]: Entity Tracking Range: Pl 48 / An 48 / Mo 48 / Mi 32 / Di 128 / Other 64
[01:58:11] [Server thread/INFO]: Hopper Transfer: 8 Hopper Check: 1 Hopper Amount: 1 Hopper Can Load Chunks: false
[01:58:11] [Server thread/INFO]: Custom Map Seeds:  Village: 10387312 Desert: 14357617 Igloo: 14357618 Jungle: 14357619 Swamp: 14357620 Monument: 10387313 Ocean: 14357621 Shipwreck: 165745295 End City: 10387313 Slime: 987234911 Nether: 30084232 Mansion: 10387319 Fossil: 14357921 Portal: 34222645
[01:58:11] [Server thread/INFO]: Max TNT Explosions: 100
[01:58:11] [Server thread/INFO]: Tile Max Tick Time: 50ms Entity max Tick Time: 50ms
[01:58:11] [Server thread/INFO]: Preparing start region for dimension minecraft:overworld
[01:58:12] [Server thread/INFO]: Preparing spawn area: 2%
[01:58:12] [Server thread/INFO]: Preparing spawn area: 2%
[01:58:13] [Server thread/INFO]: Preparing spawn area: 2%
[01:58:13] [Server thread/INFO]: Preparing spawn area: 2%
[01:58:13] [Server thread/INFO]: Preparing spawn area: 2%
[01:58:14] [Server thread/INFO]: Preparing spawn area: 2%
[01:58:18] [Server thread/INFO]: Preparing spawn area: 2%
[01:58:18] [Server thread/INFO]: Preparing spawn area: 2%
[01:58:18] [Server thread/INFO]: Preparing spawn area: 2%
[01:58:18] [Server thread/INFO]: Preparing spawn area: 2%
[01:58:18] [Server thread/INFO]: Preparing spawn area: 2%
[01:58:18] [Server thread/INFO]: Preparing spawn area: 2%
[01:58:18] [Server thread/INFO]: Preparing spawn area: 2%
[01:58:18] [Server thread/INFO]: Preparing spawn area: 2%
[01:58:18] [Server thread/INFO]: Preparing spawn area: 2%
[01:58:19] [Server thread/INFO]: Preparing spawn area: 16%
[01:58:19] [Server thread/INFO]: Preparing spawn area: 18%
[01:58:20] [Server thread/INFO]: Preparing spawn area: 18%
[01:58:20] [Server thread/INFO]: Preparing spawn area: 18%
[01:58:21] [Server thread/INFO]: Preparing spawn area: 18%
[01:58:21] [Server thread/INFO]: Preparing spawn area: 51%
[01:58:22] [Server thread/INFO]: Preparing spawn area: 51%
[01:58:22] [Server thread/INFO]: Preparing spawn area: 55%
[01:58:23] [Server thread/INFO]: Preparing spawn area: 55%
[01:58:23] [Server thread/INFO]: Preparing spawn area: 55%
[01:58:24] [Server thread/INFO]: Preparing spawn area: 65%
[01:58:24] [Server thread/INFO]: Preparing spawn area: 73%
[01:58:25] [Server thread/INFO]: Time elapsed: 13390 ms
[01:58:25] [Server thread/INFO]: Preparing start region for dimension minecraft:the_nether
[01:58:25] [Server thread/INFO]: Preparing spawn area: 2%
[01:58:25] [Server thread/INFO]: Preparing spawn area: 10%
[01:58:26] [Server thread/INFO]: Preparing spawn area: 18%
[01:58:26] [Server thread/INFO]: Preparing spawn area: 18%
[01:58:27] [Server thread/INFO]: Preparing spawn area: 51%
[01:58:27] [Server thread/INFO]: Preparing spawn area: 51%
[01:58:28] [Server thread/INFO]: Time elapsed: 2717 ms
[01:58:28] [Server thread/INFO]: Preparing start region for dimension minecraft:the_end
[01:58:28] [Server thread/INFO]: Preparing spawn area: 2%
[01:58:28] [Server thread/INFO]: Preparing spawn area: 24%
[01:58:28] [Server thread/INFO]: Time elapsed: 767 ms
[01:58:28] [Server thread/INFO]: [ViaVersion] Enabling ViaVersion v5.2.0
[01:58:28] [Server thread/INFO]: [ViaVersion] ViaVersion detected server version: 1.21.2-1.21.3 (768)
[01:58:28] [Server thread/INFO]: [ViaBackwards] Enabling ViaBackwards v5.2.0
[01:58:29] [Server thread/INFO]: [spark] Starting background profiler...
[01:58:29] [Server thread/INFO]: Done preparing level "world" (34.401s)
[01:58:29] [Server thread/INFO]: Running delayed init tasks
[01:58:29] [Server thread/INFO]: Done (55.289s)! For help, type "help"
[01:58:29] [Craft Scheduler Thread - 5 - ViaVersion/INFO]: [ViaVersion] Finished mapping loading, shutting down loader executor.
[01:58:29] [Server thread/INFO]: Unknown or incomplete command, see below for error
a<--[HERE]
[01:58:29] [Server thread/INFO]: [Not Secure] [Server] a
[01:58:42] [Server thread/INFO]: [Not Secure] [Server] t
[01:58:47] [Server thread/INFO]: Checking version, please wait...
[01:58:48] [Thread-7/INFO]: This server is running Paper version 1.21.3-82-ver/1.21.3@5a60ffb (2024-12-23T19:10:30Z) (Implementing API version 1.21.3-R0.1-SNAPSHOT)
You are running the latest version
